TN:
SF:/Users/hdn/Desktop/Coding-2/client/ListMapper/list-mapper/src/resources/attributes/tests/autocomplete.spec.js
FN:4,(anonymous_0)
FN:25,(anonymous_1)
FN:54,(anonymous_2)
FN:56,(anonymous_3)
FN:58,(anonymous_4)
FN:68,(anonymous_5)
FN:71,(anonymous_6)
FN:76,(anonymous_7)
FN:78,(anonymous_8)
FN:94,(anonymous_9)
FN:97,(anonymous_10)
FN:102,(anonymous_11)
FN:103,(anonymous_12)
FN:118,(anonymous_13)
FN:121,(anonymous_14)
FN:128,(anonymous_15)
FN:129,(anonymous_16)
FN:130,(anonymous_17)
FN:131,(anonymous_18)
FN:132,(anonymous_19)
FN:137,(anonymous_20)
FNF:21
FNH:1
FNDA:1,(anonymous_0)
FNDA:0,(anonymous_1)
FNDA:0,(anonymous_2)
FNDA:0,(anonymous_3)
FNDA:0,(anonymous_4)
FNDA:0,(anonymous_5)
FNDA:0,(anonymous_6)
FNDA:0,(anonymous_7)
FNDA:0,(anonymous_8)
FNDA:0,(anonymous_9)
FNDA:0,(anonymous_10)
FNDA:0,(anonymous_11)
FNDA:0,(anonymous_12)
FNDA:0,(anonymous_13)
FNDA:0,(anonymous_14)
FNDA:0,(anonymous_15)
FNDA:0,(anonymous_16)
FNDA:0,(anonymous_17)
FNDA:0,(anonymous_18)
FNDA:0,(anonymous_19)
FNDA:0,(anonymous_20)
DA:4,1
DA:6,1
DA:25,1
DA:26,0
DA:54,1
DA:55,0
DA:56,0
DA:58,0
DA:59,0
DA:61,0
DA:62,0
DA:63,0
DA:65,0
DA:68,0
DA:71,1
DA:72,0
DA:73,0
DA:74,0
DA:76,0
DA:78,0
DA:79,0
DA:81,0
DA:82,0
DA:84,0
DA:86,0
DA:87,0
DA:88,0
DA:89,0
DA:92,0
DA:94,0
DA:97,1
DA:98,0
DA:99,0
DA:100,0
DA:102,0
DA:103,0
DA:104,0
DA:106,0
DA:107,0
DA:108,0
DA:110,0
DA:111,0
DA:112,0
DA:113,0
DA:116,0
DA:118,0
DA:121,1
DA:122,0
DA:123,0
DA:124,0
DA:127,0
DA:129,0
DA:131,0
DA:133,0
DA:137,1
DA:138,0
LF:56
LH:8
BRDA:133,0,0,0
BRDA:133,0,1,0
BRF:2
BRH:0
end_of_record
TN:
SF:/Users/hdn/Desktop/Coding-2/client/ListMapper/list-mapper/src/resources/attributes/tests/enable-drag-drop.spec.js
FN:11,(anonymous_0)
FN:30,(anonymous_1)
FN:65,(anonymous_2)
FN:66,(anonymous_3)
FN:80,(anonymous_4)
FN:81,(anonymous_5)
FN:93,(anonymous_6)
FN:94,(anonymous_7)
FN:111,(anonymous_8)
FN:112,(anonymous_9)
FN:117,(anonymous_10)
FN:121,(anonymous_11)
FN:127,(anonymous_12)
FNF:13
FNH:7
FNDA:1,(anonymous_0)
FNDA:1,(anonymous_1)
FNDA:0,(anonymous_2)
FNDA:0,(anonymous_3)
FNDA:0,(anonymous_4)
FNDA:0,(anonymous_5)
FNDA:0,(anonymous_6)
FNDA:0,(anonymous_7)
FNDA:1,(anonymous_8)
FNDA:1,(anonymous_9)
FNDA:1,(anonymous_10)
FNDA:1,(anonymous_11)
FNDA:1,(anonymous_12)
DA:9,1
DA:11,1
DA:13,1
DA:30,1
DA:31,1
DA:65,1
DA:66,0
DA:67,0
DA:68,0
DA:69,0
DA:70,0
DA:73,0
DA:74,0
DA:76,0
DA:80,1
DA:81,0
DA:82,0
DA:83,0
DA:84,0
DA:85,0
DA:86,0
DA:88,0
DA:89,0
DA:93,1
DA:94,0
DA:95,0
DA:96,0
DA:97,0
DA:98,0
DA:99,0
DA:101,0
DA:103,0
DA:104,0
DA:105,0
DA:106,0
DA:107,0
DA:111,1
DA:112,1
DA:113,1
DA:114,1
DA:115,1
DA:117,1
DA:118,1
DA:121,1
DA:122,1
DA:127,1
DA:128,1
LF:47
LH:19
BRF:0
BRH:0
end_of_record
TN:
SF:/Users/hdn/Desktop/Coding-2/client/ListMapper/list-mapper/src/resources/attributes/tests/up-down-navigation.spec.js
FN:6,(anonymous_0)
FN:28,(anonymous_1)
FN:50,(anonymous_2)
FN:51,(anonymous_3)
FN:58,(anonymous_4)
FN:61,(anonymous_5)
FN:62,(anonymous_6)
FN:83,(anonymous_7)
FN:84,(anonymous_8)
FN:103,(anonymous_9)
FN:104,(anonymous_10)
FN:123,(anonymous_11)
FN:124,(anonymous_12)
FN:145,(anonymous_13)
FN:146,(anonymous_14)
FN:158,(anonymous_15)
FNF:16
FNH:1
FNDA:1,(anonymous_0)
FNDA:0,(anonymous_1)
FNDA:0,(anonymous_2)
FNDA:0,(anonymous_3)
FNDA:0,(anonymous_4)
FNDA:0,(anonymous_5)
FNDA:0,(anonymous_6)
FNDA:0,(anonymous_7)
FNDA:0,(anonymous_8)
FNDA:0,(anonymous_9)
FNDA:0,(anonymous_10)
FNDA:0,(anonymous_11)
FNDA:0,(anonymous_12)
FNDA:0,(anonymous_13)
FNDA:0,(anonymous_14)
FNDA:0,(anonymous_15)
DA:6,1
DA:8,1
DA:28,1
DA:29,0
DA:50,1
DA:51,0
DA:52,0
DA:53,0
DA:54,0
DA:56,0
DA:57,0
DA:58,0
DA:61,1
DA:62,0
DA:63,0
DA:64,0
DA:66,0
DA:67,0
DA:68,0
DA:70,0
DA:71,0
DA:72,0
DA:73,0
DA:74,0
DA:76,0
DA:79,0
DA:83,1
DA:84,0
DA:85,0
DA:86,0
DA:88,0
DA:90,0
DA:91,0
DA:92,0
DA:93,0
DA:94,0
DA:96,0
DA:99,0
DA:103,1
DA:104,0
DA:105,0
DA:106,0
DA:108,0
DA:110,0
DA:111,0
DA:112,0
DA:113,0
DA:114,0
DA:116,0
DA:119,0
DA:123,1
DA:124,0
DA:125,0
DA:126,0
DA:128,0
DA:129,0
DA:130,0
DA:132,0
DA:133,0
DA:134,0
DA:135,0
DA:136,0
DA:138,0
DA:141,0
DA:145,1
DA:146,0
DA:147,0
DA:148,0
DA:150,0
DA:151,0
DA:153,0
DA:154,0
DA:158,1
DA:159,0
LF:74
LH:10
BRDA:72,0,0,0
BRDA:72,0,1,0
BRDA:92,1,0,0
BRDA:92,1,1,0
BRDA:112,2,0,0
BRDA:112,2,1,0
BRDA:134,3,0,0
BRDA:134,3,1,0
BRF:8
BRH:0
end_of_record
TN:
SF:/Users/hdn/Desktop/Coding-2/client/ListMapper/list-mapper/src/resources/common/elements/tests/input-dropdown.spec.js
FN:7,(anonymous_0)
FN:27,(anonymous_1)
FN:51,(anonymous_2)
FN:53,(anonymous_3)
FN:55,(anonymous_4)
FN:66,(anonymous_5)
FN:69,(anonymous_6)
FN:70,(anonymous_7)
FN:71,(anonymous_8)
FN:72,(anonymous_9)
FN:73,(anonymous_10)
FN:74,(anonymous_11)
FN:86,(anonymous_12)
FN:88,(anonymous_13)
FN:97,(anonymous_14)
FN:99,(anonymous_15)
FN:102,(anonymous_16)
FN:112,(anonymous_17)
FNF:18
FNH:1
FNDA:1,(anonymous_0)
FNDA:0,(anonymous_1)
FNDA:0,(anonymous_2)
FNDA:0,(anonymous_3)
FNDA:0,(anonymous_4)
FNDA:0,(anonymous_5)
FNDA:0,(anonymous_6)
FNDA:0,(anonymous_7)
FNDA:0,(anonymous_8)
FNDA:0,(anonymous_9)
FNDA:0,(anonymous_10)
FNDA:0,(anonymous_11)
FNDA:0,(anonymous_12)
FNDA:0,(anonymous_13)
FNDA:0,(anonymous_14)
FNDA:0,(anonymous_15)
FNDA:0,(anonymous_16)
FNDA:0,(anonymous_17)
DA:7,1
DA:9,1
DA:27,1
DA:28,0
DA:32,0
DA:51,1
DA:52,0
DA:53,0
DA:55,0
DA:56,0
DA:57,0
DA:58,0
DA:60,0
DA:61,0
DA:66,1
DA:67,0
DA:68,0
DA:70,0
DA:72,0
DA:75,0
DA:86,1
DA:87,0
DA:88,0
DA:89,0
DA:90,0
DA:92,0
DA:93,0
DA:97,1
DA:98,0
DA:99,0
DA:100,0
DA:102,0
DA:103,0
DA:104,0
DA:106,0
DA:107,0
DA:112,1
DA:113,0
LF:38
LH:8
BRDA:75,0,0,0
BRDA:75,0,1,0
BRF:2
BRH:0
end_of_record
TN:
SF:/Users/hdn/Desktop/Coding-2/client/ListMapper/list-mapper/src/resources/elements/simple-list.spec.js
FN:5,(anonymous_0)
FN:26,(anonymous_1)
FN:36,(anonymous_2)
FN:37,(anonymous_3)
FN:46,(anonymous_4)
FN:47,(anonymous_5)
FN:56,(anonymous_6)
FN:57,(anonymous_7)
FN:90,(anonymous_8)
FNF:9
FNH:1
FNDA:1,(anonymous_0)
FNDA:0,(anonymous_1)
FNDA:0,(anonymous_2)
FNDA:0,(anonymous_3)
FNDA:0,(anonymous_4)
FNDA:0,(anonymous_5)
FNDA:0,(anonymous_6)
FNDA:0,(anonymous_7)
FNDA:0,(anonymous_8)
DA:5,1
DA:7,1
DA:26,1
DA:27,0
DA:36,1
DA:37,0
DA:38,0
DA:39,0
DA:40,0
DA:42,0
DA:46,1
DA:47,0
DA:48,0
DA:49,0
DA:50,0
DA:52,0
DA:56,1
DA:57,0
DA:59,0
DA:61,0
DA:62,0
DA:68,0
DA:75,0
DA:77,0
DA:78,0
DA:79,0
DA:80,0
DA:82,0
DA:83,0
DA:84,0
DA:86,0
DA:90,1
DA:91,0
LF:33
LH:7
BRDA:61,0,0,0
BRDA:61,0,1,0
BRF:2
BRH:0
end_of_record
TN:
SF:/Users/hdn/Desktop/Coding-2/client/ListMapper/list-mapper/src/resources/attributes/enable-drag-drop.js
FN:9,(anonymous_0)
FN:21,(anonymous_1)
FN:31,(anonymous_2)
FN:44,(anonymous_3)
FN:52,(anonymous_4)
FN:79,(anonymous_5)
FN:96,(anonymous_6)
FN:98,(anonymous_7)
FN:106,(anonymous_8)
FN:112,(anonymous_9)
FN:125,(anonymous_10)
FN:145,(anonymous_11)
FN:165,(anonymous_12)
FN:175,(anonymous_13)
FN:180,(anonymous_14)
FN:189,(anonymous_15)
FN:199,(anonymous_16)
FN:200,(anonymous_17)
FN:203,(anonymous_18)
FN:215,(anonymous_19)
FN:216,(anonymous_20)
FN:225,(anonymous_21)
FNF:22
FNH:4
FNDA:1,(anonymous_0)
FNDA:1,(anonymous_1)
FNDA:0,(anonymous_2)
FNDA:0,(anonymous_3)
FNDA:2,(anonymous_4)
FNDA:0,(anonymous_5)
FNDA:0,(anonymous_6)
FNDA:0,(anonymous_7)
FNDA:0,(anonymous_8)
FNDA:0,(anonymous_9)
FNDA:0,(anonymous_10)
FNDA:0,(anonymous_11)
FNDA:0,(anonymous_12)
FNDA:0,(anonymous_13)
FNDA:1,(anonymous_14)
FNDA:0,(anonymous_15)
FNDA:0,(anonymous_16)
FNDA:0,(anonymous_17)
FNDA:0,(anonymous_18)
FNDA:0,(anonymous_19)
FNDA:0,(anonymous_20)
FNDA:0,(anonymous_21)
DA:4,1
DA:10,1
DA:14,1
DA:22,1
DA:24,1
DA:25,1
DA:32,0
DA:34,0
DA:35,0
DA:37,0
DA:46,0
DA:47,0
DA:53,2
DA:54,2
DA:56,2
DA:80,0
DA:81,0
DA:82,0
DA:83,0
DA:84,0
DA:86,0
DA:87,0
DA:90,0
DA:96,0
DA:98,0
DA:107,0
DA:108,0
DA:109,0
DA:113,0
DA:114,0
DA:115,0
DA:126,0
DA:127,0
DA:128,0
DA:130,0
DA:132,0
DA:133,0
DA:134,0
DA:135,0
DA:137,0
DA:146,0
DA:147,0
DA:150,0
DA:151,0
DA:154,0
DA:158,0
DA:159,0
DA:166,0
DA:167,0
DA:168,0
DA:170,0
DA:171,0
DA:172,0
DA:176,0
DA:177,0
DA:181,1
DA:190,0
DA:191,0
DA:192,0
DA:194,0
DA:195,0
DA:196,0
DA:199,0
DA:200,0
DA:204,0
DA:205,0
DA:206,0
DA:208,0
DA:209,0
DA:210,0
DA:212,0
DA:215,0
DA:216,0
DA:226,0
DA:227,0
DA:228,0
DA:229,0
DA:231,0
DA:233,0
DA:235,0
DA:236,0
DA:237,0
LF:82
LH:10
BRDA:32,0,0,0
BRDA:32,0,1,0
BRDA:46,1,0,0
BRDA:46,1,1,0
BRDA:54,2,0,2
BRDA:54,2,1,2
BRDA:59,3,0,2
BRDA:59,3,1,2
BRDA:150,4,0,0
BRDA:150,4,1,0
BRDA:151,5,0,0
BRDA:151,5,1,0
BRDA:172,6,0,0
BRDA:172,6,1,0
BRDA:231,7,0,0
BRDA:231,7,1,0
BRF:16
BRH:4
end_of_record
